<?xml version="1.0" encoding="UTF-8"?>
<testsuite name="com.group.libraryapp.calculator.CalculatorTest" tests="1" skipped="0" failures="0" errors="0" timestamp="2023-12-31T11:29:42" hostname="Gundorit-MacBook.local" time="0.069">
  <properties/>
  <testcase name="덧셈()" classname="com.group.libraryapp.calculator.CalculatorTest" time="0.069"/>
  <system-out><![CDATA[]]></system-out>
  <system-err><![CDATA[]]></system-err>
</testsuite>
